<?xml version="1.0" encoding="UTF-8"?>
<!-- Generated by org.testng.reporters.JUnitXMLReporter -->
<testsuite ignored="0" hostname="lenovo-PC" failures="0" tests="4" name="Default test" time="46.207" errors="0" timestamp="2024-06-28T14:39:30 IST">
  <testcase classname="test.ProductSearchTest" name="verifyIfUserIsAbleRoSerachProduct" time="3.422"/>
  <testcase classname="test.ProductSearchTest" name="verifyIfUserIsAbleToTrackorder" time="1.685"/>
  <testcase classname="test.ProductSearchTest" name="verifyIfUserIsAbletologin" time="0.339"/>
  <testcase classname="test.ProductSearchTest" name="verifyIfUserisabletoaccessshoppingcategories" time="0.336"/>
</testsuite> <!-- Default test -->
