<?xml version="1.0" encoding="UTF-8"?>
<!-- Generated by org.testng.reporters.JUnitXMLReporter -->
<testsuite ignored="3" hostname="lenovo-PC" failures="0" tests="1" name="Default test" time="30.226" errors="0" timestamp="2024-06-25T19:32:21 IST">
  <testcase classname="test.CartTest" name="VerifyByRemovingproductsfromCart" time="18.754"/>
  <testcase classname="test.CartTest" name="verifyAddToCartFromOrderDeatils" time="0.0">
    <ignored/>
  </testcase> <!-- verifyAddToCartFromOrderDeatils -->
  <testcase classname="test.CartTest" name="verifyAmountsInCart" time="0.0">
    <ignored/>
  </testcase> <!-- verifyAmountsInCart -->
  <testcase classname="test.CartTest" name="VerifyAddtocartbyaddingtwoproducts" time="0.0">
    <ignored/>
  </testcase> <!-- VerifyAddtocartbyaddingtwoproducts -->
</testsuite> <!-- Default test -->
