<?xml version="1.0" encoding="UTF-8"?>
<testng-results ignored="0" total="4" passed="4" failed="0" skipped="0">
  <reporter-output>
  </reporter-output>
  <suite started-at="2024-06-28T14:38:44 IST" name="Default suite" finished-at="2024-06-28T14:39:30 IST" duration-ms="46207">
    <groups>
    </groups>
    <test started-at="2024-06-28T14:38:44 IST" name="Default test" finished-at="2024-06-28T14:39:30 IST" duration-ms="46207">
      <class name="test.ProductSearchTest">
        <test-method is-config="true" signature="configureReporting()[pri:0, instance:test.ProductSearchTest@f6efaab]" started-at="2024-06-28T14:38:44 IST" name="configureReporting" finished-at="2024-06-28T14:38:44 IST" duration-ms="17" status="PASS">
          <reporter-output>
          </reporter-output>
        </test-method> <!-- configureReporting -->
        <test-method is-config="true" signature="openApplication()[pri:0, instance:test.ProductSearchTest@f6efaab]" started-at="2024-06-28T14:38:44 IST" name="openApplication" finished-at="2024-06-28T14:38:55 IST" duration-ms="10402" status="PASS">
          <reporter-output>
          </reporter-output>
        </test-method> <!-- openApplication -->
        <test-method signature="verifyIfUserIsAbleRoSerachProduct()[pri:0, instance:test.ProductSearchTest@f6efaab]" started-at="2024-06-28T14:38:55 IST" name="verifyIfUserIsAbleRoSerachProduct" finished-at="2024-06-28T14:38:58 IST" duration-ms="3422" status="PASS">
          <reporter-output>
          </reporter-output>
        </test-method> <!-- verifyIfUserIsAbleRoSerachProduct -->
        <test-method is-config="true" signature="closeNaaptol()[pri:0, instance:test.ProductSearchTest@f6efaab]" started-at="2024-06-28T14:38:58 IST" name="closeNaaptol" finished-at="2024-06-28T14:38:58 IST" duration-ms="158" status="PASS">
          <reporter-output>
          </reporter-output>
        </test-method> <!-- closeNaaptol -->
        <test-method is-config="true" signature="openApplication()[pri:0, instance:test.ProductSearchTest@f6efaab]" started-at="2024-06-28T14:38:58 IST" name="openApplication" finished-at="2024-06-28T14:39:07 IST" duration-ms="8138" status="PASS">
          <reporter-output>
          </reporter-output>
        </test-method> <!-- openApplication -->
        <test-method signature="verifyIfUserIsAbleToTrackorder()[pri:0, instance:test.ProductSearchTest@f6efaab]" started-at="2024-06-28T14:39:07 IST" name="verifyIfUserIsAbleToTrackorder" finished-at="2024-06-28T14:39:08 IST" duration-ms="1685" status="PASS">
          <reporter-output>
          </reporter-output>
        </test-method> <!-- verifyIfUserIsAbleToTrackorder -->
        <test-method is-config="true" signature="closeNaaptol()[pri:0, instance:test.ProductSearchTest@f6efaab]" started-at="2024-06-28T14:39:08 IST" name="closeNaaptol" finished-at="2024-06-28T14:39:12 IST" duration-ms="4097" status="PASS">
          <reporter-output>
          </reporter-output>
        </test-method> <!-- closeNaaptol -->
        <test-method is-config="true" signature="openApplication()[pri:0, instance:test.ProductSearchTest@f6efaab]" started-at="2024-06-28T14:39:12 IST" name="openApplication" finished-at="2024-06-28T14:39:18 IST" duration-ms="5429" status="PASS">
          <reporter-output>
          </reporter-output>
        </test-method> <!-- openApplication -->
        <test-method signature="verifyIfUserIsAbletologin()[pri:0, instance:test.ProductSearchTest@f6efaab]" started-at="2024-06-28T14:39:18 IST" name="verifyIfUserIsAbletologin" finished-at="2024-06-28T14:39:18 IST" duration-ms="339" status="PASS">
          <reporter-output>
          </reporter-output>
        </test-method> <!-- verifyIfUserIsAbletologin -->
        <test-method is-config="true" signature="closeNaaptol()[pri:0, instance:test.ProductSearchTest@f6efaab]" started-at="2024-06-28T14:39:18 IST" name="closeNaaptol" finished-at="2024-06-28T14:39:18 IST" duration-ms="104" status="PASS">
          <reporter-output>
          </reporter-output>
        </test-method> <!-- closeNaaptol -->
        <test-method is-config="true" signature="openApplication()[pri:0, instance:test.ProductSearchTest@f6efaab]" started-at="2024-06-28T14:39:18 IST" name="openApplication" finished-at="2024-06-28T14:39:25 IST" duration-ms="6750" status="PASS">
          <reporter-output>
          </reporter-output>
        </test-method> <!-- openApplication -->
        <test-method signature="verifyIfUserisabletoaccessshoppingcategories()[pri:0, instance:test.ProductSearchTest@f6efaab]" started-at="2024-06-28T14:39:25 IST" name="verifyIfUserisabletoaccessshoppingcategories" finished-at="2024-06-28T14:39:25 IST" duration-ms="336" status="PASS">
          <reporter-output>
          </reporter-output>
        </test-method> <!-- verifyIfUserisabletoaccessshoppingcategories -->
        <test-method is-config="true" signature="closeNaaptol()[pri:0, instance:test.ProductSearchTest@f6efaab]" started-at="2024-06-28T14:39:25 IST" name="closeNaaptol" finished-at="2024-06-28T14:39:29 IST" duration-ms="4075" status="PASS">
          <reporter-output>
          </reporter-output>
        </test-method> <!-- closeNaaptol -->
        <test-method is-config="true" signature="publishReport()[pri:0, instance:test.ProductSearchTest@f6efaab]" started-at="2024-06-28T14:39:29 IST" name="publishReport" finished-at="2024-06-28T14:39:30 IST" duration-ms="514" status="PASS">
          <reporter-output>
          </reporter-output>
        </test-method> <!-- publishReport -->
      </class> <!-- test.ProductSearchTest -->
    </test> <!-- Default test -->
  </suite> <!-- Default suite -->
</testng-results>
