<?xml version="1.0" encoding="UTF-8"?>
<testng-results ignored="3" total="4" passed="1" failed="0" skipped="0">
  <reporter-output>
  </reporter-output>
  <suite started-at="2024-06-25T19:31:51 IST" name="Default suite" finished-at="2024-06-25T19:32:21 IST" duration-ms="30226">
    <groups>
    </groups>
    <test started-at="2024-06-25T19:31:51 IST" name="Default test" finished-at="2024-06-25T19:32:21 IST" duration-ms="30226">
      <class name="test.CartTest">
        <test-method is-config="true" signature="openApplication()[pri:0, instance:test.CartTest@223d2c72]" started-at="2024-06-25T19:31:51 IST" name="openApplication" finished-at="2024-06-25T19:32:02 IST" duration-ms="11335" status="PASS">
          <reporter-output>
          </reporter-output>
        </test-method> <!-- openApplication -->
        <test-method signature="VerifyByRemovingproductsfromCart()[pri:0, instance:test.CartTest@223d2c72]" started-at="2024-06-25T19:32:02 IST" name="VerifyByRemovingproductsfromCart" finished-at="2024-06-25T19:32:21 IST" duration-ms="18754" status="PASS">
          <reporter-output>
          </reporter-output>
        </test-method> <!-- VerifyByRemovingproductsfromCart -->
        <test-method is-config="true" signature="closeNaaptol()[pri:0, instance:test.CartTest@223d2c72]" started-at="2024-06-25T19:32:21 IST" name="closeNaaptol" finished-at="2024-06-25T19:32:21 IST" duration-ms="80" status="PASS">
          <reporter-output>
          </reporter-output>
        </test-method> <!-- closeNaaptol -->
      </class> <!-- test.CartTest -->
    </test> <!-- Default test -->
  </suite> <!-- Default suite -->
</testng-results>
